<?xml version="1.0" encoding="UTF-8"?>
<coverage generated="1517242970281" clover="3.2.0">
  <project timestamp="1517242970281" name="All files">
    <metrics statements="23" coveredstatements="15" conditionals="6" coveredconditionals="3" methods="8" coveredmethods="5" elements="37" coveredelements="23" complexity="0" loc="23" ncloc="23" packages="1" files="2" classes="2">
      <file name="httpclient.js" path="/Users/aditiverma/Documents/GitHub/learnyounode/httpclient.js">
        <metrics statements="17" coveredstatements="9" conditionals="6" coveredconditionals="3" methods="5" coveredmethods="2"/>
        <line num="1" count="1" type="stmt"/>
        <line num="3" count="1" type="stmt"/>
        <line num="5" count="1" type="cond" truecount="2" falsecount="2"/>
        <line num="6" count="1" type="stmt"/>
        <line num="8" count="0" type="stmt"/>
        <line num="12" count="1" type="stmt"/>
        <line num="13" count="1" type="cond" truecount="1" falsecount="1"/>
        <line num="14" count="1" type="stmt"/>
        <line num="17" count="1" type="stmt"/>
        <line num="18" count="0" type="stmt"/>
        <line num="20" count="0" type="stmt"/>
        <line num="21" count="0" type="stmt"/>
        <line num="24" count="0" type="stmt"/>
        <line num="25" count="0" type="stmt"/>
        <line num="26" count="0" type="stmt"/>
        <line num="27" count="0" type="stmt"/>
        <line num="33" count="1" type="stmt"/>
      </file>
      <file name="httpclient_test.js" path="/Users/aditiverma/Documents/GitHub/learnyounode/httpclient_test.js">
        <metrics statements="6" coveredstatements="6" conditionals="0" coveredconditionals="0" methods="3" coveredmethods="3"/>
        <line num="2" count="1" type="stmt"/>
        <line num="4" count="1" type="stmt"/>
        <line num="5" count="1" type="stmt"/>
        <line num="7" count="1" type="stmt"/>
        <line num="8" count="1" type="stmt"/>
        <line num="10" count="1" type="stmt"/>
      </file>
    </metrics>
  </project>
</coverage>
