{"/Users/aditiverma/Documents/GitHub/learnyounode/filteredls.js": {"path":"/Users/aditiverma/Documents/GitHub/learnyounode/filteredls.js","statementMap":{"0":{"start":{"line":1,"column":11},"end":{"line":1,"column":24}},"1":{"start":{"line":2,"column":13},"end":{"line":2,"column":28}},"2":{"start":{"line":4,"column":19},"end":{"line":10,"column":1}},"3":{"start":{"line":6,"column":2},"end":{"line":8,"column":3}},"4":{"start":{"line":7,"column":4},"end":{"line":7,"column":16}},"5":{"start":{"line":9,"column":2},"end":{"line":9,"column":15}},"6":{"start":{"line":12,"column":24},"end":{"line":17,"column":2}},"7":{"start":{"line":12,"column":34},"end":{"line":17,"column":2}},"8":{"start":{"line":13,"column":2},"end":{"line":15,"column":3}},"9":{"start":{"line":14,"column":4},"end":{"line":14,"column":16}},"10":{"start":{"line":16,"column":2},"end":{"line":16,"column":15}},"11":{"start":{"line":20,"column":11},"end":{"line":41,"column":1}},"12":{"start":{"line":21,"column":18},"end":{"line":21,"column":22}},"13":{"start":{"line":22,"column":18},"end":{"line":22,"column":22}},"14":{"start":{"line":24,"column":2},"end":{"line":26,"column":3}},"15":{"start":{"line":25,"column":4},"end":{"line":25,"column":17}},"16":{"start":{"line":27,"column":2},"end":{"line":29,"column":3}},"17":{"start":{"line":28,"column":4},"end":{"line":28,"column":17}},"18":{"start":{"line":31,"column":2},"end":{"line":38,"column":5}},"19":{"start":{"line":32,"column":4},"end":{"line":32,"column":57}},"20":{"start":{"line":32,"column":15},"end":{"line":32,"column":41}},"21":{"start":{"line":32,"column":42},"end":{"line":32,"column":55}},"22":{"start":{"line":33,"column":19},"end":{"line":33,"column":76}},"23":{"start":{"line":33,"column":39},"end":{"line":33,"column":75}},"24":{"start":{"line":34,"column":4},"end":{"line":36,"column":7}},"25":{"start":{"line":35,"column":6},"end":{"line":35,"column":24}},"26":{"start":{"line":37,"column":4},"end":{"line":37,"column":18}},"27":{"start":{"line":39,"column":2},"end":{"line":39,"column":20}},"28":{"start":{"line":40,"column":2},"end":{"line":40,"column":14}},"29":{"start":{"line":42,"column":0},"end":{"line":42,"column":20}}},"fnMap":{"0":{"name":"(anonymous_0)","decl":{"start":{"line":4,"column":19},"end":{"line":4,"column":20}},"loc":{"start":{"line":4,"column":36},"end":{"line":10,"column":1}},"line":4},"1":{"name":"(anonymous_1)","decl":{"start":{"line":12,"column":24},"end":{"line":12,"column":25}},"loc":{"start":{"line":12,"column":34},"end":{"line":17,"column":2}},"line":12},"2":{"name":"(anonymous_2)","decl":{"start":{"line":12,"column":52},"end":{"line":12,"column":53}},"loc":{"start":{"line":12,"column":64},"end":{"line":17,"column":1}},"line":12},"3":{"name":"(anonymous_3)","decl":{"start":{"line":20,"column":11},"end":{"line":20,"column":12}},"loc":{"start":{"line":20,"column":27},"end":{"line":41,"column":1}},"line":20},"4":{"name":"(anonymous_4)","decl":{"start":{"line":31,"column":22},"end":{"line":31,"column":23}},"loc":{"start":{"line":31,"column":37},"end":{"line":38,"column":3}},"line":31},"5":{"name":"(anonymous_5)","decl":{"start":{"line":33,"column":31},"end":{"line":33,"column":32}},"loc":{"start":{"line":33,"column":39},"end":{"line":33,"column":75}},"line":33},"6":{"name":"(anonymous_6)","decl":{"start":{"line":34,"column":19},"end":{"line":34,"column":20}},"loc":{"start":{"line":34,"column":29},"end":{"line":36,"column":5}},"line":34}},"branchMap":{"0":{"loc":{"start":{"line":6,"column":2},"end":{"line":8,"column":3}},"type":"if","locations":[{"start":{"line":6,"column":2},"end":{"line":8,"column":3}},{"start":{"line":6,"column":2},"end":{"line":8,"column":3}}],"line":6},"1":{"loc":{"start":{"line":6,"column":6},"end":{"line":6,"column":55}},"type":"binary-expr","locations":[{"start":{"line":6,"column":6},"end":{"line":6,"column":26}},{"start":{"line":6,"column":30},"end":{"line":6,"column":55}}],"line":6},"2":{"loc":{"start":{"line":13,"column":2},"end":{"line":15,"column":3}},"type":"if","locations":[{"start":{"line":13,"column":2},"end":{"line":15,"column":3}},{"start":{"line":13,"column":2},"end":{"line":15,"column":3}}],"line":13},"3":{"loc":{"start":{"line":24,"column":2},"end":{"line":26,"column":3}},"type":"if","locations":[{"start":{"line":24,"column":2},"end":{"line":26,"column":3}},{"start":{"line":24,"column":2},"end":{"line":26,"column":3}}],"line":24},"4":{"loc":{"start":{"line":27,"column":2},"end":{"line":29,"column":3}},"type":"if","locations":[{"start":{"line":27,"column":2},"end":{"line":29,"column":3}},{"start":{"line":27,"column":2},"end":{"line":29,"column":3}}],"line":27},"5":{"loc":{"start":{"line":32,"column":4},"end":{"line":32,"column":57}},"type":"if","locations":[{"start":{"line":32,"column":4},"end":{"line":32,"column":57}},{"start":{"line":32,"column":4},"end":{"line":32,"column":57}}],"line":32}},"s":{"0":1,"1":1,"2":1,"3":3,"4":2,"5":1,"6":1,"7":1,"8":0,"9":0,"10":0,"11":1,"12":3,"13":3,"14":3,"15":2,"16":1,"17":0,"18":1,"19":0,"20":0,"21":0,"22":0,"23":0,"24":0,"25":0,"26":0,"27":1,"28":1,"29":1},"f":{"0":3,"1":1,"2":0,"3":3,"4":0,"5":0,"6":0},"b":{"0":[2,1],"1":[3,2],"2":[0,0],"3":[2,1],"4":[0,1],"5":[0,0]},"_coverageSchema":"332fd63041d2c1bcb487cc26dd0d5f7d97098a6c","hash":"3cbfd3f7dac3429d706d40f5b8e9bec54e5c71bd"}
,"/Users/aditiverma/Documents/GitHub/learnyounode/filteredls_test.js": {"path":"/Users/aditiverma/Documents/GitHub/learnyounode/filteredls_test.js","statementMap":{"0":{"start":{"line":1,"column":15},"end":{"line":1,"column":38}},"1":{"start":{"line":3,"column":0},"end":{"line":12,"column":3}},"2":{"start":{"line":4,"column":2},"end":{"line":7,"column":5}},"3":{"start":{"line":6,"column":4},"end":{"line":6,"column":43}},"4":{"start":{"line":8,"column":2},"end":{"line":11,"column":5}},"5":{"start":{"line":10,"column":4},"end":{"line":10,"column":53}},"6":{"start":{"line":25,"column":0},"end":{"line":31,"column":3}},"7":{"start":{"line":26,"column":2},"end":{"line":30,"column":5}},"8":{"start":{"line":27,"column":4},"end":{"line":27,"column":35}},"9":{"start":{"line":28,"column":4},"end":{"line":28,"column":70}},"10":{"start":{"line":29,"column":4},"end":{"line":29,"column":51}}},"fnMap":{"0":{"name":"(anonymous_0)","decl":{"start":{"line":3,"column":40},"end":{"line":3,"column":41}},"loc":{"start":{"line":3,"column":46},"end":{"line":12,"column":1}},"line":3},"1":{"name":"(anonymous_1)","decl":{"start":{"line":4,"column":15},"end":{"line":4,"column":16}},"loc":{"start":{"line":4,"column":21},"end":{"line":7,"column":3}},"line":4},"2":{"name":"(anonymous_2)","decl":{"start":{"line":8,"column":20},"end":{"line":8,"column":21}},"loc":{"start":{"line":8,"column":26},"end":{"line":11,"column":3}},"line":8},"3":{"name":"(anonymous_3)","decl":{"start":{"line":25,"column":26},"end":{"line":25,"column":27}},"loc":{"start":{"line":25,"column":32},"end":{"line":31,"column":1}},"line":25},"4":{"name":"(anonymous_4)","decl":{"start":{"line":26,"column":30},"end":{"line":26,"column":31}},"loc":{"start":{"line":26,"column":36},"end":{"line":30,"column":3}},"line":26}},"branchMap":{},"s":{"0":1,"1":1,"2":1,"3":1,"4":1,"5":1,"6":1,"7":1,"8":1,"9":1,"10":1},"f":{"0":1,"1":1,"2":1,"3":1,"4":1},"b":{},"_coverageSchema":"332fd63041d2c1bcb487cc26dd0d5f7d97098a6c","hash":"9477281e1af96e26c2486b29d1e4780a19ca708b"}
}
