TN:
SF:/Users/aditiverma/Documents/GitHub/learnyounode/filteredls.js
FN:4,(anonymous_0)
FN:12,(anonymous_1)
FN:12,(anonymous_2)
FN:20,(anonymous_3)
FN:31,(anonymous_4)
FN:33,(anonymous_5)
FN:34,(anonymous_6)
FNF:7
FNH:3
FNDA:3,(anonymous_0)
FNDA:1,(anonymous_1)
FNDA:0,(anonymous_2)
FNDA:3,(anonymous_3)
FNDA:0,(anonymous_4)
FNDA:0,(anonymous_5)
FNDA:0,(anonymous_6)
DA:1,1
DA:2,1
DA:4,1
DA:6,3
DA:7,2
DA:9,1
DA:12,1
DA:13,0
DA:14,0
DA:16,0
DA:20,1
DA:21,3
DA:22,3
DA:24,3
DA:25,2
DA:27,1
DA:28,0
DA:31,1
DA:32,0
DA:33,0
DA:34,0
DA:35,0
DA:37,0
DA:39,1
DA:40,1
DA:42,1
LF:26
LH:17
BRDA:6,0,0,2
BRDA:6,0,1,1
BRDA:6,1,0,3
BRDA:6,1,1,2
BRDA:13,2,0,0
BRDA:13,2,1,0
BRDA:24,3,0,2
BRDA:24,3,1,1
BRDA:27,4,0,0
BRDA:27,4,1,1
BRDA:32,5,0,0
BRDA:32,5,1,0
BRF:12
BRH:7
end_of_record
TN:
SF:/Users/aditiverma/Documents/GitHub/learnyounode/filteredls_test.js
FN:3,(anonymous_0)
FN:4,(anonymous_1)
FN:8,(anonymous_2)
FN:25,(anonymous_3)
FN:26,(anonymous_4)
FNF:5
FNH:5
FNDA:1,(anonymous_0)
FNDA:1,(anonymous_1)
FNDA:1,(anonymous_2)
FNDA:1,(anonymous_3)
FNDA:1,(anonymous_4)
DA:1,1
DA:3,1
DA:4,1
DA:6,1
DA:8,1
DA:10,1
DA:25,1
DA:26,1
DA:27,1
DA:28,1
DA:29,1
LF:11
LH:11
BRF:0
BRH:0
end_of_record
