TN:
SF:/Users/aditiverma/Documents/GitHub/learnyounode/filteredls.js
FN:4,(anonymous_0)
FN:12,(anonymous_1)
FN:12,(anonymous_2)
FN:21,(anonymous_3)
FN:33,(anonymous_4)
FN:36,(anonymous_5)
FN:38,(anonymous_6)
FNF:7
FNH:3
FNDA:5,(anonymous_0)
FNDA:3,(anonymous_1)
FNDA:0,(anonymous_2)
FNDA:5,(anonymous_3)
FNDA:0,(anonymous_4)
FNDA:0,(anonymous_5)
FNDA:0,(anonymous_6)
DA:1,1
DA:2,1
DA:4,1
DA:6,5
DA:7,2
DA:9,3
DA:12,3
DA:13,0
DA:14,0
DA:16,0
DA:21,1
DA:22,5
DA:23,5
DA:25,5
DA:26,2
DA:28,3
DA:29,0
DA:33,3
DA:34,0
DA:36,0
DA:38,0
DA:39,0
DA:42,0
DA:44,3
DA:45,3
DA:47,1
DA:75,1
LF:27
LH:18
BRDA:6,0,0,2
BRDA:6,0,1,3
BRDA:6,1,0,5
BRDA:6,1,1,4
BRDA:13,2,0,0
BRDA:13,2,1,0
BRDA:25,3,0,2
BRDA:25,3,1,3
BRDA:28,4,0,0
BRDA:28,4,1,3
BRDA:34,5,0,0
BRDA:34,5,1,0
BRF:12
BRH:7
end_of_record
TN:
SF:/Users/aditiverma/Documents/GitHub/learnyounode/filteredls_test.js
FN:3,(anonymous_0)
FN:4,(anonymous_1)
FN:8,(anonymous_2)
FN:25,(anonymous_3)
FN:26,(anonymous_4)
FN:33,(anonymous_5)
FN:34,(anonymous_6)
FNF:7
FNH:7
FNDA:1,(anonymous_0)
FNDA:1,(anonymous_1)
FNDA:1,(anonymous_2)
FNDA:1,(anonymous_3)
FNDA:1,(anonymous_4)
FNDA:1,(anonymous_5)
FNDA:1,(anonymous_6)
DA:1,1
DA:3,1
DA:4,1
DA:6,1
DA:8,1
DA:10,1
DA:25,1
DA:26,1
DA:27,1
DA:28,1
DA:29,1
DA:33,1
DA:34,1
DA:35,1
DA:36,1
DA:37,1
LF:16
LH:16
BRF:0
BRH:0
end_of_record
